::1 - - [17/Sep/2025 10:34:31] "HEAD /index.html HTTP/1.1" 200 -
::1 - - [17/Sep/2025 10:37:09] "HEAD /lessons/lessonRegistry.js HTTP/1.1" 200 -
::1 - - [17/Sep/2025 10:37:14] "GET /script.js HTTP/1.1" 200 -
::1 - - [17/Sep/2025 10:38:53] "GET /index.html HTTP/1.1" 200 -
::1 - - [17/Sep/2025 10:39:07] "GET /debug.html HTTP/1.1" 200 -
::1 - - [17/Sep/2025 10:39:57] "GET / HTTP/1.1" 200 -
::1 - - [17/Sep/2025 10:39:58] "GET /styles.css HTTP/1.1" 200 -
::1 - - [17/Sep/2025 10:39:58] "GET /script.js?v=1.3 HTTP/1.1" 200 -
::1 - - [17/Sep/2025 10:39:58] "GET /solutions.js?v=1.3 HTTP/1.1" 200 -
::1 - - [17/Sep/2025 10:39:58] "GET /lessons/lessonRegistry.js HTTP/1.1" 200 -
::1 - - [17/Sep/2025 10:39:58] "GET /js/performance.js HTTP/1.1" 200 -
::1 - - [17/Sep/2025 10:39:58] "GET /js/particles.js HTTP/1.1" 200 -
::1 - - [17/Sep/2025 10:39:58] "GET /manifest.json HTTP/1.1" 200 -
::1 - - [17/Sep/2025 10:39:58] code 404, message File not found
::1 - - [17/Sep/2025 10:39:58] "GET /icons/favicon-32x32.png HTTP/1.1" 404 -
::1 - - [17/Sep/2025 10:39:58] code 404, message File not found
::1 - - [17/Sep/2025 10:39:58] "GET /icons/favicon-16x16.png HTTP/1.1" 404 -
::1 - - [17/Sep/2025 10:39:58] code 404, message File not found
::1 - - [17/Sep/2025 10:39:58] "GET /icons/icon-144x144.png HTTP/1.1" 404 -
::1 - - [17/Sep/2025 10:39:58] "GET /sw.js HTTP/1.1" 200 -
::1 - - [17/Sep/2025 10:39:58] "GET /index.html HTTP/1.1" 200 -
::1 - - [17/Sep/2025 10:39:58] code 404, message File not found
::1 - - [17/Sep/2025 10:39:58] "GET /content.js HTTP/1.1" 404 -
::1 - - [17/Sep/2025 10:39:58] "GET /script.js HTTP/1.1" 200 -
::1 - - [17/Sep/2025 10:39:58] "GET /solutions.js HTTP/1.1" 200 -
::1 - - [17/Sep/2025 10:39:59] "GET /lessons/lesson1.js HTTP/1.1" 200 -
::1 - - [17/Sep/2025 10:40:15] code 404, message File not found
::1 - - [17/Sep/2025 10:40:15] "GET /debug HTTP/1.1" 404 -
::1 - - [17/Sep/2025 10:40:15] code 404, message File not found
::1 - - [17/Sep/2025 10:40:15] "GET /favicon.ico HTTP/1.1" 404 -
::1 - - [17/Sep/2025 10:40:17] "GET /sw.js HTTP/1.1" 304 -
::1 - - [17/Sep/2025 10:40:24] "GET /debug.html HTTP/1.1" 200 -
::1 - - [17/Sep/2025 10:40:26] "GET /sw.js HTTP/1.1" 304 -
::1 - - [17/Sep/2025 14:08:04] "GET / HTTP/1.1" 200 -
::1 - - [17/Sep/2025 14:08:05] "GET /script.js?v=1.3 HTTP/1.1" 200 -
::1 - - [17/Sep/2025 14:08:05] "GET /lessons/lessonRegistry.js HTTP/1.1" 304 -
::1 - - [17/Sep/2025 14:08:05] code 404, message File not found
::1 - - [17/Sep/2025 14:08:05] "GET /icons/icon-144x144.png HTTP/1.1" 404 -
::1 - - [17/Sep/2025 14:08:07] "GET /sw.js HTTP/1.1" 304 -
::1 - - [17/Sep/2025 14:08:07] "GET /lessons/lesson1.js HTTP/1.1" 304 -
::1 - - [17/Sep/2025 14:09:01] "GET / HTTP/1.1" 304 -
::1 - - [17/Sep/2025 14:09:01] "GET /script.js?v=1.3 HTTP/1.1" 304 -
::1 - - [17/Sep/2025 14:09:01] code 404, message File not found
::1 - - [17/Sep/2025 14:09:01] "GET /icons/icon-144x144.png HTTP/1.1" 404 -
::1 - - [17/Sep/2025 14:09:04] "GET /sw.js HTTP/1.1" 304 -
::1 - - [17/Sep/2025 14:17:32] "GET / HTTP/1.1" 304 -
::1 - - [17/Sep/2025 14:17:32] "GET /script.js?v=1.3 HTTP/1.1" 200 -
::1 - - [17/Sep/2025 14:17:32] code 404, message File not found
::1 - - [17/Sep/2025 14:17:32] "GET /icons/icon-144x144.png HTTP/1.1" 404 -
::1 - - [17/Sep/2025 14:17:35] "GET /sw.js HTTP/1.1" 304 -
::1 - - [17/Sep/2025 14:18:17] "GET /script.js?v=1.3 HTTP/1.1" 304 -
::1 - - [17/Sep/2025 14:18:18] code 404, message File not found
::1 - - [17/Sep/2025 14:18:18] "GET /icons/icon-144x144.png HTTP/1.1" 404 -
::1 - - [17/Sep/2025 14:18:20] "GET /sw.js HTTP/1.1" 304 -
::1 - - [17/Sep/2025 14:22:50] "GET / HTTP/1.1" 200 -
::1 - - [17/Sep/2025 14:22:50] "GET /solutions.js?v=1.4 HTTP/1.1" 200 -
::1 - - [17/Sep/2025 14:22:50] "GET /script.js?v=1.4 HTTP/1.1" 200 -
::1 - - [17/Sep/2025 14:22:50] code 404, message File not found
::1 - - [17/Sep/2025 14:22:50] "GET /icons/icon-144x144.png HTTP/1.1" 404 -
::1 - - [17/Sep/2025 14:22:52] "GET /sw.js HTTP/1.1" 304 -
::1 - - [17/Sep/2025 14:22:58] "GET /lessons/lesson2.js HTTP/1.1" 200 -
::1 - - [17/Sep/2025 14:25:42] "GET / HTTP/1.1" 304 -
::1 - - [17/Sep/2025 14:25:42] "GET /script.js?v=1.4 HTTP/1.1" 200 -
::1 - - [17/Sep/2025 14:25:42] code 404, message File not found
::1 - - [17/Sep/2025 14:25:42] "GET /icons/icon-144x144.png HTTP/1.1" 404 -
::1 - - [17/Sep/2025 14:25:44] "GET /sw.js HTTP/1.1" 304 -
::1 - - [17/Sep/2025 14:25:58] "GET /lessons/lesson3.js HTTP/1.1" 200 -
::1 - - [17/Sep/2025 14:29:12] "GET / HTTP/1.1" 304 -
::1 - - [17/Sep/2025 14:29:12] "GET /script.js?v=1.4 HTTP/1.1" 304 -
::1 - - [17/Sep/2025 14:29:12] code 404, message File not found
::1 - - [17/Sep/2025 14:29:12] "GET /icons/icon-144x144.png HTTP/1.1" 404 -
::1 - - [17/Sep/2025 14:29:15] "GET /sw.js HTTP/1.1" 304 -
::1 - - [17/Sep/2025 14:29:40] "GET / HTTP/1.1" 304 -
::1 - - [17/Sep/2025 14:29:40] "GET /script.js?v=1.4 HTTP/1.1" 304 -
::1 - - [17/Sep/2025 14:29:40] code 404, message File not found
::1 - - [17/Sep/2025 14:29:40] "GET /icons/icon-144x144.png HTTP/1.1" 404 -
::1 - - [17/Sep/2025 14:29:42] "GET /sw.js HTTP/1.1" 304 -
::1 - - [17/Sep/2025 14:30:03] "GET / HTTP/1.1" 304 -
::1 - - [17/Sep/2025 14:30:03] code 404, message File not found
::1 - - [17/Sep/2025 14:30:03] "GET /icons/icon-144x144.png HTTP/1.1" 404 -
::1 - - [17/Sep/2025 14:30:06] "GET /sw.js HTTP/1.1" 304 -
::1 - - [17/Sep/2025 15:38:20] "GET / HTTP/1.1" 200 -
::1 - - [17/Sep/2025 15:38:20] "GET /script.js?v=1.5 HTTP/1.1" 200 -
::1 - - [17/Sep/2025 15:38:20] "GET /styles.css HTTP/1.1" 200 -
::1 - - [17/Sep/2025 15:38:20] "GET /solutions.js?v=1.5 HTTP/1.1" 200 -
::1 - - [17/Sep/2025 15:38:20] "GET /lessons/lessonRegistry.js HTTP/1.1" 304 -
::1 - - [17/Sep/2025 15:38:20] code 404, message File not found
::1 - - [17/Sep/2025 15:38:20] "GET /icons/icon-144x144.png HTTP/1.1" 404 -
::1 - - [17/Sep/2025 15:38:22] "GET /lessons/lesson1.js HTTP/1.1" 304 -
::1 - - [17/Sep/2025 15:38:23] "GET /sw.js HTTP/1.1" 304 -
::1 - - [17/Sep/2025 15:38:50] "GET /lessons/lesson3.js HTTP/1.1" 200 -
::1 - - [17/Sep/2025 15:40:33] "GET / HTTP/1.1" 304 -
::1 - - [17/Sep/2025 15:40:33] "GET /script.js?v=1.5 HTTP/1.1" 304 -
::1 - - [17/Sep/2025 15:40:33] code 404, message File not found
::1 - - [17/Sep/2025 15:40:33] "GET /icons/icon-144x144.png HTTP/1.1" 404 -
::1 - - [17/Sep/2025 15:40:34] "GET /lessons/lesson2.js HTTP/1.1" 304 -
::1 - - [17/Sep/2025 15:40:35] "GET /sw.js HTTP/1.1" 304 -
::1 - - [17/Sep/2025 15:44:10] "GET / HTTP/1.1" 304 -
::1 - - [17/Sep/2025 15:44:10] "GET /script.js?v=1.5 HTTP/1.1" 304 -
::1 - - [17/Sep/2025 15:44:10] code 404, message File not found
::1 - - [17/Sep/2025 15:44:10] "GET /icons/icon-144x144.png HTTP/1.1" 404 -
::1 - - [17/Sep/2025 15:44:13] "GET /sw.js HTTP/1.1" 304 -
::1 - - [17/Sep/2025 15:44:19] "GET / HTTP/1.1" 304 -
::1 - - [17/Sep/2025 15:44:19] code 404, message File not found
::1 - - [17/Sep/2025 15:44:19] "GET /icons/icon-144x144.png HTTP/1.1" 404 -
::1 - - [17/Sep/2025 15:44:21] "GET /sw.js HTTP/1.1" 304 -
::1 - - [17/Sep/2025 15:44:45] code 404, message File not found
::1 - - [17/Sep/2025 15:44:45] "GET /.well-known/appspecific/com.chrome.devtools.json HTTP/1.1" 404 -
::1 - - [17/Sep/2025 15:47:56] "GET / HTTP/1.1" 304 -
::1 - - [17/Sep/2025 15:47:56] "GET /script.js?v=1.5 HTTP/1.1" 304 -
::1 - - [17/Sep/2025 15:47:56] "GET /styles.css HTTP/1.1" 304 -
::1 - - [17/Sep/2025 15:47:56] code 404, message File not found
::1 - - [17/Sep/2025 15:47:56] "GET /icons/icon-144x144.png HTTP/1.1" 404 -
::1 - - [17/Sep/2025 15:47:58] "GET /sw.js HTTP/1.1" 304 -
::1 - - [17/Sep/2025 15:48:02] "GET /lessons/lesson3.js HTTP/1.1" 200 -
::1 - - [17/Sep/2025 15:48:08] "GET / HTTP/1.1" 304 -
::1 - - [17/Sep/2025 15:48:09] code 404, message File not found
::1 - - [17/Sep/2025 15:48:09] "GET /icons/icon-144x144.png HTTP/1.1" 404 -
::1 - - [17/Sep/2025 15:48:11] "GET /sw.js HTTP/1.1" 304 -
::1 - - [17/Sep/2025 15:48:13] code 404, message File not found
::1 - - [17/Sep/2025 15:48:13] "GET /.well-known/appspecific/com.chrome.devtools.json HTTP/1.1" 404 -
::1 - - [17/Sep/2025 15:52:13] "GET / HTTP/1.1" 304 -
::1 - - [17/Sep/2025 15:52:13] "GET /script.js?v=1.5 HTTP/1.1" 200 -
::1 - - [17/Sep/2025 15:52:13] code 404, message File not found
::1 - - [17/Sep/2025 15:52:13] "GET /.well-known/appspecific/com.chrome.devtools.json HTTP/1.1" 404 -
::1 - - [17/Sep/2025 15:52:13] code 404, message File not found
::1 - - [17/Sep/2025 15:52:13] "GET /icons/icon-144x144.png HTTP/1.1" 404 -
::1 - - [17/Sep/2025 15:52:14] "GET /lessons/lesson3.js HTTP/1.1" 200 -
::1 - - [17/Sep/2025 15:52:16] "GET /sw.js HTTP/1.1" 304 -
::1 - - [17/Sep/2025 15:57:06] "GET / HTTP/1.1" 304 -
::1 - - [17/Sep/2025 15:57:06] code 404, message File not found
::1 - - [17/Sep/2025 15:57:06] "GET /.well-known/appspecific/com.chrome.devtools.json HTTP/1.1" 404 -
::1 - - [17/Sep/2025 15:57:06] "GET /script.js?v=1.5 HTTP/1.1" 304 -
::1 - - [17/Sep/2025 15:57:06] code 404, message File not found
::1 - - [17/Sep/2025 15:57:06] "GET /icons/icon-144x144.png HTTP/1.1" 404 -
::1 - - [17/Sep/2025 15:57:07] "GET / HTTP/1.1" 304 -
::1 - - [17/Sep/2025 15:57:07] code 404, message File not found
::1 - - [17/Sep/2025 15:57:07] "GET /.well-known/appspecific/com.chrome.devtools.json HTTP/1.1" 404 -
::1 - - [17/Sep/2025 15:57:07] code 404, message File not found
::1 - - [17/Sep/2025 15:57:07] "GET /icons/icon-144x144.png HTTP/1.1" 404 -
::1 - - [17/Sep/2025 15:57:10] "GET /lessons/lesson3.js HTTP/1.1" 304 -
::1 - - [17/Sep/2025 15:57:11] "GET /sw.js HTTP/1.1" 304 -
::1 - - [17/Sep/2025 16:01:50] "GET / HTTP/1.1" 304 -
::1 - - [17/Sep/2025 16:01:50] code 404, message File not found
::1 - - [17/Sep/2025 16:01:50] "GET /.well-known/appspecific/com.chrome.devtools.json HTTP/1.1" 404 -
::1 - - [17/Sep/2025 16:01:50] "GET /script.js?v=1.5 HTTP/1.1" 304 -
::1 - - [17/Sep/2025 16:01:50] "GET /styles.css HTTP/1.1" 304 -
::1 - - [17/Sep/2025 16:01:51] code 404, message File not found
::1 - - [17/Sep/2025 16:01:51] "GET /icons/icon-144x144.png HTTP/1.1" 404 -
::1 - - [17/Sep/2025 16:01:54] "GET /sw.js HTTP/1.1" 304 -
::1 - - [17/Sep/2025 16:02:03] "GET /lessons/lesson3.js HTTP/1.1" 304 -
::1 - - [17/Sep/2025 16:03:54] "GET / HTTP/1.1" 304 -
::1 - - [17/Sep/2025 16:03:54] code 404, message File not found
::1 - - [17/Sep/2025 16:03:54] "GET /.well-known/appspecific/com.chrome.devtools.json HTTP/1.1" 404 -
::1 - - [17/Sep/2025 16:03:54] "GET /script.js?v=1.5 HTTP/1.1" 304 -
::1 - - [17/Sep/2025 16:03:54] code 404, message File not found
::1 - - [17/Sep/2025 16:03:54] "GET /icons/icon-144x144.png HTTP/1.1" 404 -
::1 - - [17/Sep/2025 16:03:57] "GET /lessons/lesson3.js HTTP/1.1" 304 -
::1 - - [17/Sep/2025 16:03:57] "GET /sw.js HTTP/1.1" 304 -
::1 - - [17/Sep/2025 16:06:47] "GET / HTTP/1.1" 304 -
::1 - - [17/Sep/2025 16:06:47] code 404, message File not found
::1 - - [17/Sep/2025 16:06:47] "GET /.well-known/appspecific/com.chrome.devtools.json HTTP/1.1" 404 -
::1 - - [17/Sep/2025 16:06:47] "GET /script.js?v=1.5 HTTP/1.1" 304 -
::1 - - [17/Sep/2025 16:06:48] code 404, message File not found
::1 - - [17/Sep/2025 16:06:48] "GET /icons/icon-144x144.png HTTP/1.1" 404 -
::1 - - [17/Sep/2025 16:06:51] "GET /sw.js HTTP/1.1" 304 -
::1 - - [17/Sep/2025 16:06:53] "GET /lessons/lesson3.js HTTP/1.1" 200 -
::1 - - [17/Sep/2025 16:23:17] "GET / HTTP/1.1" 304 -
::1 - - [17/Sep/2025 16:23:17] "GET /script.js?v=1.5 HTTP/1.1" 304 -
::1 - - [17/Sep/2025 16:23:17] "GET /styles.css HTTP/1.1" 304 -
::1 - - [17/Sep/2025 16:23:17] "GET /lessons/lessonRegistry.js HTTP/1.1" 304 -
::1 - - [17/Sep/2025 16:23:17] code 404, message File not found
::1 - - [17/Sep/2025 16:23:17] "GET /icons/icon-144x144.png HTTP/1.1" 404 -
::1 - - [17/Sep/2025 16:23:19] "GET /lessons/lesson3.js HTTP/1.1" 304 -
::1 - - [17/Sep/2025 16:23:20] "GET /sw.js HTTP/1.1" 304 -
::1 - - [17/Sep/2025 16:39:19] "GET / HTTP/1.1" 304 -
::1 - - [17/Sep/2025 16:39:19] "GET /script.js?v=1.5 HTTP/1.1" 304 -
::1 - - [17/Sep/2025 16:39:19] "GET /styles.css HTTP/1.1" 304 -
::1 - - [17/Sep/2025 16:39:19] code 404, message File not found
::1 - - [17/Sep/2025 16:39:19] "GET /icons/icon-144x144.png HTTP/1.1" 404 -
::1 - - [17/Sep/2025 16:39:20] "GET / HTTP/1.1" 304 -
::1 - - [17/Sep/2025 16:39:20] code 404, message File not found
::1 - - [17/Sep/2025 16:39:20] "GET /icons/icon-144x144.png HTTP/1.1" 404 -
::1 - - [17/Sep/2025 16:39:21] "GET / HTTP/1.1" 304 -
::1 - - [17/Sep/2025 16:39:21] code 404, message File not found
::1 - - [17/Sep/2025 16:39:21] "GET /icons/icon-144x144.png HTTP/1.1" 404 -
::1 - - [17/Sep/2025 16:39:23] "GET /sw.js HTTP/1.1" 304 -
::1 - - [17/Sep/2025 16:39:26] code 404, message File not found
::1 - - [17/Sep/2025 16:39:26] "GET /icons/icon-144x144.png HTTP/1.1" 404 -
::1 - - [17/Sep/2025 16:39:27] "GET /lessons/lesson3.js HTTP/1.1" 304 -
::1 - - [17/Sep/2025 16:39:28] "GET /sw.js HTTP/1.1" 304 -
::1 - - [17/Sep/2025 16:39:43] code 404, message File not found
::1 - - [17/Sep/2025 16:39:43] "GET /icons/icon-144x144.png HTTP/1.1" 404 -
::1 - - [17/Sep/2025 16:39:45] "GET /sw.js HTTP/1.1" 304 -
::1 - - [18/Sep/2025 14:16:41] "GET / HTTP/1.1" 304 -
::1 - - [18/Sep/2025 14:16:41] "GET /styles.css HTTP/1.1" 304 -
::1 - - [18/Sep/2025 14:16:41] "GET /script.js?v=1.5 HTTP/1.1" 304 -
::1 - - [18/Sep/2025 14:16:41] "GET /solutions.js?v=1.5 HTTP/1.1" 304 -
::1 - - [18/Sep/2025 14:16:41] "GET /lessons/lessonRegistry.js HTTP/1.1" 304 -
::1 - - [18/Sep/2025 14:16:41] "GET /js/performance.js HTTP/1.1" 304 -
::1 - - [18/Sep/2025 14:16:41] "GET /js/particles.js HTTP/1.1" 304 -
::1 - - [18/Sep/2025 14:16:42] "GET /sw.js HTTP/1.1" 304 -
::1 - - [18/Sep/2025 14:16:46] "GET /manifest.json HTTP/1.1" 304 -
::1 - - [18/Sep/2025 14:16:46] code 404, message File not found
::1 - - [18/Sep/2025 14:16:46] "GET /icons/icon-144x144.png HTTP/1.1" 404 -
::1 - - [18/Sep/2025 14:16:48] "GET /lessons/lesson3.js HTTP/1.1" 200 -
::1 - - [18/Sep/2025 14:16:49] "GET /sw.js HTTP/1.1" 304 -
::1 - - [18/Sep/2025 14:19:52] "GET / HTTP/1.1" 304 -
::1 - - [18/Sep/2025 14:19:52] code 404, message File not found
::1 - - [18/Sep/2025 14:19:52] "GET /icons/icon-144x144.png HTTP/1.1" 404 -
::1 - - [18/Sep/2025 14:19:55] "GET /sw.js HTTP/1.1" 304 -
::1 - - [18/Sep/2025 14:55:36] code 404, message File not found
::1 - - [18/Sep/2025 14:55:36] "GET /icons/icon-144x144.png HTTP/1.1" 404 -
::1 - - [18/Sep/2025 14:55:39] "GET /sw.js HTTP/1.1" 304 -
::1 - - [19/Sep/2025 06:53:13] code 404, message File not found
::1 - - [19/Sep/2025 06:53:13] "GET /icons/favicon-32x32.png HTTP/1.1" 404 -
::1 - - [19/Sep/2025 06:53:13] "GET /manifest.json HTTP/1.1" 304 -
::1 - - [19/Sep/2025 06:53:13] code 404, message File not found
::1 - - [19/Sep/2025 06:53:13] "GET /icons/favicon-16x16.png HTTP/1.1" 404 -
::1 - - [19/Sep/2025 06:53:13] code 404, message File not found
::1 - - [19/Sep/2025 06:53:13] "GET /icons/icon-144x144.png HTTP/1.1" 404 -
::1 - - [19/Sep/2025 06:53:15] "GET /sw.js HTTP/1.1" 304 -
::1 - - [19/Sep/2025 06:53:17] code 404, message File not found
::1 - - [19/Sep/2025 06:53:17] "GET /icons/icon-144x144.png HTTP/1.1" 404 -
::1 - - [19/Sep/2025 06:53:20] "GET /sw.js HTTP/1.1" 304 -
::1 - - [20/Sep/2025 16:56:59] code 404, message File not found
::1 - - [20/Sep/2025 16:56:59] "GET /favicon.ico HTTP/1.1" 404 -
::1 - - [20/Sep/2025 16:56:59] "GET /lessons/lesson1.js HTTP/1.1" 304 -
::1 - - [20/Sep/2025 16:57:01] "GET /sw.js HTTP/1.1" 304 -
::1 - - [20/Sep/2025 17:43:29] "GET / HTTP/1.1" 304 -
::1 - - [20/Sep/2025 17:43:29] "GET /styles.css HTTP/1.1" 304 -
::1 - - [20/Sep/2025 17:43:29] "GET /script.js?v=1.5 HTTP/1.1" 304 -
::1 - - [20/Sep/2025 17:43:29] "GET /solutions.js?v=1.5 HTTP/1.1" 304 -
::1 - - [20/Sep/2025 17:43:29] "GET /lessons/lessonRegistry.js HTTP/1.1" 304 -
::1 - - [20/Sep/2025 17:43:29] "GET /js/performance.js HTTP/1.1" 304 -
::1 - - [20/Sep/2025 17:43:29] "GET /js/particles.js HTTP/1.1" 304 -
::1 - - [20/Sep/2025 17:43:30] "GET /manifest.json HTTP/1.1" 304 -
::1 - - [20/Sep/2025 17:43:30] code 404, message File not found
::1 - - [20/Sep/2025 17:43:30] "GET /icons/icon-144x144.png HTTP/1.1" 404 -
::1 - - [20/Sep/2025 17:43:32] "GET /sw.js HTTP/1.1" 304 -
::1 - - [20/Sep/2025 17:43:34] "GET / HTTP/1.1" 304 -
::1 - - [20/Sep/2025 17:43:34] code 404, message File not found
::1 - - [20/Sep/2025 17:43:34] "GET /icons/icon-144x144.png HTTP/1.1" 404 -
::1 - - [20/Sep/2025 17:43:36] "GET /sw.js HTTP/1.1" 304 -
::1 - - [20/Sep/2025 17:46:06] "GET / HTTP/1.1" 304 -
::1 - - [20/Sep/2025 17:46:07] code 404, message File not found
::1 - - [20/Sep/2025 17:46:07] "GET /icons/icon-144x144.png HTTP/1.1" 404 -
::1 - - [20/Sep/2025 17:46:09] "GET / HTTP/1.1" 304 -
::1 - - [20/Sep/2025 17:46:09] code 404, message File not found
::1 - - [20/Sep/2025 17:46:09] "GET /icons/icon-144x144.png HTTP/1.1" 404 -
::1 - - [20/Sep/2025 17:46:09] "GET /sw.js HTTP/1.1" 304 -
::1 - - [20/Sep/2025 17:46:11] "GET /sw.js HTTP/1.1" 304 -
::1 - - [20/Sep/2025 17:47:22] code 404, message File not found
::1 - - [20/Sep/2025 17:47:22] "GET /icons/icon-144x144.png HTTP/1.1" 404 -
::1 - - [20/Sep/2025 17:47:25] "GET /sw.js HTTP/1.1" 304 -
::1 - - [20/Sep/2025 17:47:25] code 404, message File not found
::1 - - [20/Sep/2025 17:47:25] "GET /icons/icon-144x144.png HTTP/1.1" 404 -
::1 - - [20/Sep/2025 17:47:28] "GET /sw.js HTTP/1.1" 304 -
::1 - - [22/Sep/2025 08:35:40] "GET / HTTP/1.1" 304 -
::1 - - [22/Sep/2025 08:35:40] "GET /styles.css HTTP/1.1" 304 -
::1 - - [22/Sep/2025 08:35:41] "GET /solutions.js?v=1.5 HTTP/1.1" 304 -
::1 - - [22/Sep/2025 08:35:41] "GET /script.js?v=1.5 HTTP/1.1" 200 -
::1 - - [22/Sep/2025 08:35:41] "GET /lessons/lessonRegistry.js HTTP/1.1" 200 -
::1 - - [22/Sep/2025 08:35:41] "GET /js/performance.js HTTP/1.1" 304 -
::1 - - [22/Sep/2025 08:35:41] "GET /js/particles.js HTTP/1.1" 304 -
::1 - - [22/Sep/2025 08:35:42] "GET /manifest.json HTTP/1.1" 304 -
::1 - - [22/Sep/2025 08:35:42] code 404, message File not found
::1 - - [22/Sep/2025 08:35:42] "GET /icons/icon-144x144.png HTTP/1.1" 404 -
::1 - - [22/Sep/2025 08:35:43] "GET /sw.js HTTP/1.1" 304 -
::1 - - [22/Sep/2025 08:35:45] "GET / HTTP/1.1" 304 -
::1 - - [22/Sep/2025 08:35:45] code 404, message File not found
::1 - - [22/Sep/2025 08:35:45] "GET /icons/icon-144x144.png HTTP/1.1" 404 -
::1 - - [22/Sep/2025 08:35:47] "GET /lessons/lesson4.js HTTP/1.1" 200 -
::1 - - [22/Sep/2025 08:35:47] "GET /sw.js HTTP/1.1" 304 -
::1 - - [22/Sep/2025 08:36:18] "GET /sw.js HTTP/1.1" 304 -
::1 - - [22/Sep/2025 08:47:38] "GET / HTTP/1.1" 304 -
::1 - - [22/Sep/2025 08:47:38] code 404, message File not found
::1 - - [22/Sep/2025 08:47:38] "GET /icons/icon-144x144.png HTTP/1.1" 404 -
::1 - - [22/Sep/2025 08:47:41] "GET /sw.js HTTP/1.1" 304 -
::1 - - [22/Sep/2025 08:47:51] code 404, message File not found
::1 - - [22/Sep/2025 08:47:51] "GET /icons/icon-144x144.png HTTP/1.1" 404 -
::1 - - [22/Sep/2025 08:47:53] "GET /sw.js HTTP/1.1" 304 -
::1 - - [22/Sep/2025 09:03:41] "GET / HTTP/1.1" 304 -
::1 - - [22/Sep/2025 09:03:41] code 404, message File not found
::1 - - [22/Sep/2025 09:03:41] "GET /icons/icon-144x144.png HTTP/1.1" 404 -
::1 - - [22/Sep/2025 09:03:43] "GET /sw.js HTTP/1.1" 304 -
::1 - - [22/Sep/2025 09:08:50] "GET / HTTP/1.1" 304 -
::1 - - [22/Sep/2025 09:08:50] code 404, message File not found
::1 - - [22/Sep/2025 09:08:50] "GET /icons/icon-144x144.png HTTP/1.1" 404 -
::1 - - [22/Sep/2025 09:08:53] "GET /sw.js HTTP/1.1" 304 -
::1 - - [22/Sep/2025 09:08:56] "GET / HTTP/1.1" 304 -
::1 - - [22/Sep/2025 09:08:56] code 404, message File not found
::1 - - [22/Sep/2025 09:08:56] "GET /icons/icon-144x144.png HTTP/1.1" 404 -
::1 - - [22/Sep/2025 09:08:58] "GET /lessons/lesson1.js HTTP/1.1" 304 -
::1 - - [22/Sep/2025 09:08:58] "GET /sw.js HTTP/1.1" 304 -
::1 - - [22/Sep/2025 09:10:33] "GET /sw.js HTTP/1.1" 304 -
::1 - - [22/Sep/2025 10:29:17] code 404, message File not found
::1 - - [22/Sep/2025 10:29:17] "GET /icons/icon-144x144.png HTTP/1.1" 404 -
::1 - - [22/Sep/2025 10:29:19] "GET /sw.js HTTP/1.1" 304 -
::1 - - [22/Sep/2025 10:31:08] "GET / HTTP/1.1" 304 -
::1 - - [22/Sep/2025 10:31:08] code 404, message File not found
::1 - - [22/Sep/2025 10:31:08] "GET /icons/icon-144x144.png HTTP/1.1" 404 -
::1 - - [22/Sep/2025 10:31:11] "GET /sw.js HTTP/1.1" 304 -
::1 - - [23/Sep/2025 09:51:32] "GET / HTTP/1.1" 304 -
::1 - - [23/Sep/2025 09:51:32] "GET /styles.css HTTP/1.1" 304 -
::1 - - [23/Sep/2025 09:51:32] "GET /script.js?v=1.5 HTTP/1.1" 304 -
::1 - - [23/Sep/2025 09:51:32] "GET /lessons/lessonRegistry.js HTTP/1.1" 304 -
::1 - - [23/Sep/2025 09:51:32] "GET /js/performance.js HTTP/1.1" 304 -
::1 - - [23/Sep/2025 09:51:32] "GET /js/particles.js HTTP/1.1" 304 -
::1 - - [23/Sep/2025 09:51:34] "GET /sw.js HTTP/1.1" 304 -
::1 - - [23/Sep/2025 09:53:18] "GET /sw.js HTTP/1.1" 304 -
::1 - - [23/Sep/2025 13:52:59] "GET /solutions.js?v=1.5 HTTP/1.1" 304 -
::1 - - [23/Sep/2025 13:53:01] "GET /sw.js HTTP/1.1" 304 -
::1 - - [25/Sep/2025 19:41:11] "GET / HTTP/1.1" 304 -
::1 - - [25/Sep/2025 19:41:42] "GET /sw.js HTTP/1.1" 304 -
::1 - - [25/Sep/2025 19:43:14] "GET /sw.js HTTP/1.1" 304 -
::1 - - [25/Sep/2025 20:38:47] "GET /styles.css HTTP/1.1" 200 -
::1 - - [25/Sep/2025 20:38:47] "GET /script.js?v=1.5 HTTP/1.1" 304 -
::1 - - [25/Sep/2025 20:38:47] "GET /solutions.js?v=1.5 HTTP/1.1" 304 -
::1 - - [25/Sep/2025 20:38:47] "GET /lessons/lessonRegistry.js HTTP/1.1" 304 -
::1 - - [25/Sep/2025 20:38:47] "GET /js/performance.js HTTP/1.1" 304 -
::1 - - [25/Sep/2025 20:38:48] "GET /manifest.json HTTP/1.1" 304 -
::1 - - [25/Sep/2025 20:38:48] "GET /js/particles.js HTTP/1.1" 304 -
::1 - - [25/Sep/2025 20:38:48] code 404, message File not found
::1 - - [25/Sep/2025 20:38:48] "GET /icons/favicon-32x32.png HTTP/1.1" 404 -
::1 - - [25/Sep/2025 20:38:48] code 404, message File not found
::1 - - [25/Sep/2025 20:38:48] code 404, message File not found
::1 - - [25/Sep/2025 20:38:48] "GET /icons/icon-144x144.png HTTP/1.1" 404 -
::1 - - [25/Sep/2025 20:38:48] "GET /icons/favicon-16x16.png HTTP/1.1" 404 -
::1 - - [25/Sep/2025 20:38:49] "GET /sw.js HTTP/1.1" 304 -
::1 - - [25/Sep/2025 20:38:50] "GET /lessons/lesson4.js HTTP/1.1" 200 -
::1 - - [25/Sep/2025 20:38:55] "GET / HTTP/1.1" 304 -
::1 - - [25/Sep/2025 20:38:55] code 404, message File not found
::1 - - [25/Sep/2025 20:38:55] "GET /icons/icon-144x144.png HTTP/1.1" 404 -
::1 - - [25/Sep/2025 20:38:57] "GET /sw.js HTTP/1.1" 304 -
